09/09/2022 02:28 [SAVED] [FAMILY] = [Smith][DEBUG]
09/09/2022 02:28 [SAVED] [FAMILY] = [Rodriguez][DEBUG]
09/09/2022 02:28 [SAVED] [FAMILY] = [Smith][DEBUG]
09/09/2022 02:28 [SAVED] [FAMILY] = [Rodriguez][DEBUG]
09/09/2022 02:29 [SAVED] [FAMILY] = [Smith][DEBUG]
09/09/2022 02:29 [SAVED] [FAMILY] = [Rodriguez][DEBUG]
09/09/2022 02:29 [SAVED] [FAMILY] = [Smith][DEBUG]
09/09/2022 02:29 [SAVED] [FAMILY] = [Rodriguez][DEBUG]
09/09/2022 02:30 [DELETED] [FAMILY] with index = [1]![DEBUG]
09/09/2022 02:30 Error has occurred during loading the data![ERROR]
09/09/2022 02:31 [SAVED] [FAMILY] = [Smith][DEBUG]
09/09/2022 02:31 [SAVED] [FAMILY] = [Rodriguez][DEBUG]
09/09/2022 02:31 [SAVED] [FAMILY] = [Smith][DEBUG]
09/09/2022 02:31 [SAVED] [FAMILY] = [Rodriguez][DEBUG]
09/09/2022 02:31 Error has occurred during saving the data![ERROR]
09/09/2022 02:31 Successfully saved![DEBUG]
09/09/2022 02:38 [SAVED] [FAMILY] = [Smith][DEBUG]
09/09/2022 02:38 [SAVED] [FAMILY] = [Rodriguez][DEBUG]
09/09/2022 02:38 [SAVED] [FAMILY] = [Smith][DEBUG]
09/09/2022 02:38 [SAVED] [FAMILY] = [Rodriguez][DEBUG]
09/09/2022 02:38 Error has occurred during loading the data![ERROR]
09/09/2022 02:38 Successfully saved![DEBUG]
09/09/2022 02:39 [SAVED] [FAMILY] = [Smith][DEBUG]
09/09/2022 02:39 [SAVED] [FAMILY] = [Rodriguez][DEBUG]
09/09/2022 02:39 [SAVED] [FAMILY] = [Smith][DEBUG]
09/09/2022 02:39 [SAVED] [FAMILY] = [Rodriguez][DEBUG]
09/09/2022 02:39 Error has occurred during saving the data![ERROR]
09/09/2022 02:39 Successfully saved![DEBUG]
09/09/2022 02:39 [SAVED] [FAMILY] = [Smith][DEBUG]
09/09/2022 02:39 [SAVED] [FAMILY] = [Rodriguez][DEBUG]
09/09/2022 02:39 [SAVED] [FAMILY] = [Smith][DEBUG]
09/09/2022 02:39 [SAVED] [FAMILY] = [Rodriguez][DEBUG]
09/09/2022 02:39 [SAVED] [FAMILY] = [Smith][DEBUG]
09/09/2022 02:39 [SAVED] [FAMILY] = [Rodriguez][DEBUG]
09/09/2022 02:39 [SAVED] [FAMILY] = [Smith][DEBUG]
09/09/2022 02:39 [SAVED] [FAMILY] = [Rodriguez][DEBUG]
09/09/2022 02:41 [DELETED] [FAMILY] with index = [5]![DEBUG]
09/09/2022 02:41 Error has occurred during saving the data![ERROR]
09/09/2022 02:41 Successfully saved![DEBUG]
09/09/2022 02:41 Error has occurred during loading the data![ERROR]
